<?xml version="1.0" encoding="UTF-8"?>
<!-- Generated by org.testng.reporters.JUnitReportReporter -->
<testsuite hostname="DESKTOP-KEFG07B" failures="0" tests="1" name="com.actitime.testscript.CustomerModule" time="0.020" errors="0" timestamp="2023-08-03T11:08:07 IST" skipped="0">
  <testcase classname="com.actitime.testscript.CustomerModule" name="testCreateCustomer" time="0.020"/>
  <system-out>
    <![CDATA[Create Customer from Maven Project]]>
  </system-out>
</testsuite> <!-- com.actitime.testscript.CustomerModule -->
